C:\DROPBOX\UNI\BACHELOR\AD9914\C++\AD9914\AD9914\RELEASE\FILEINTERPRETER.OBJ
C:\DROPBOX\UNI\BACHELOR\AD9914\C++\AD9914\AD9914\RELEASE\ADCONTROLLER.OBJ
C:\DROPBOX\UNI\BACHELOR\AD9914\C++\AD9914\AD9914\RELEASE\AD9914.OBJ
C:\DROPBOX\UNI\BACHELOR\AD9914\C++\AD9914\AD9914\RELEASE\STDAFX.OBJ
C:\DROPBOX\UNI\BACHELOR\AD9914\C++\AD9914\AD9914\RELEASE\VC110.PDB
C:\DROPBOX\UNI\BACHELOR\AD9914\C++\AD9914\RELEASE\AD9914.EXE
C:\DROPBOX\UNI\BACHELOR\AD9914\C++\AD9914\RELEASE\AD9914.PDB
C:\Dropbox\Uni\Bachelor\AD9914\c++\AD9914\AD9914\Release\AD9914.obj
C:\Dropbox\Uni\Bachelor\AD9914\c++\AD9914\AD9914\Release\ADController.obj
C:\Dropbox\Uni\Bachelor\AD9914\c++\AD9914\AD9914\Release\FileInterpreter.obj
C:\Dropbox\Uni\Bachelor\AD9914\c++\AD9914\AD9914\Release\stdafx.obj
C:\Dropbox\Uni\Bachelor\AD9914\c++\AD9914\AD9914\Release\cl.command.1.tlog
C:\Dropbox\Uni\Bachelor\AD9914\c++\AD9914\AD9914\Release\CL.read.1.tlog
C:\Dropbox\Uni\Bachelor\AD9914\c++\AD9914\AD9914\Release\CL.write.1.tlog
C:\Dropbox\Uni\Bachelor\AD9914\c++\AD9914\AD9914\Release\link-cvtres.read.1.tlog
C:\Dropbox\Uni\Bachelor\AD9914\c++\AD9914\AD9914\Release\link-cvtres.write.1.tlog
C:\Dropbox\Uni\Bachelor\AD9914\c++\AD9914\AD9914\Release\link-rc.read.1.tlog
C:\Dropbox\Uni\Bachelor\AD9914\c++\AD9914\AD9914\Release\link-rc.write.1.tlog
C:\Dropbox\Uni\Bachelor\AD9914\c++\AD9914\AD9914\Release\link.command.1.tlog
C:\Dropbox\Uni\Bachelor\AD9914\c++\AD9914\AD9914\Release\link.read.1.tlog
C:\Dropbox\Uni\Bachelor\AD9914\c++\AD9914\AD9914\Release\link.write.1.tlog
C:\Dropbox\Uni\Bachelor\AD9914\c++\AD9914\AD9914\Release\vc110.pdb
C:\Dropbox\Uni\Bachelor\AD9914\c++\AD9914\Release\AD9914.pdb
C:\Dropbox\Uni\Bachelor\AD9914\c++\AD9914\Release\AD9914.exe
