Build started 2015-11-12 2:45:42 PM.
     1>Project "\\ad.nfit.au.dk\NFDFS\Users\mick10\Desktop\th3is\AD9914\AD9914\AD9914.vcxproj" on node 2 (Build target(s)).
     1>ClCompile:
         C:\Program Files (x86)\Microsoft Visual Studio 14.0\VC\bin\CL.exe /c /Zi /nologo /W3 /WX- /O2 /Oi /Oy- /GL /D WIN32 /D NDEBUG /D _CONSOLE /D _USING_V110_SDK71_ /D _UNICODE /D UNICODE /Gm- /EHsc /MD /GS /Gy /fp:precise /Zc:wchar_t /Zc:forScope /Zc:inline /Fo"Release\\" /Fd"Release\vc140.pdb" /Gd /TP /analyze- /errorReport:prompt FileInterpreter.cpp
         FileInterpreter.cpp
       Link:
         C:\Program Files (x86)\Microsoft Visual Studio 14.0\VC\bin\link.exe /ERRORREPORT:PROMPT /OUT:"\\ad.nfit.au.dk\NFDFS\Users\mick10\Desktop\th3is\AD9914\Release\AD9914.exe" /INCREMENTAL:NO /NOLOGO kernel32.lib user32.lib gdi32.lib winspool.lib comdlg32.lib advapi32.lib shell32.lib ole32.lib oleaut32.lib uuid.lib odbc32.lib odbccp32.lib /MANIFEST /MANIFESTUAC:"level='asInvoker' uiAccess='false'" /manifest:embed /Debug /PDB:"\\ad.nfit.au.dk\NFDFS\Users\mick10\Desktop\th3is\AD9914\Release\AD9914.pdb" /SUBSYSTEM:CONSOLE,"5.01" /OPT:REF /OPT:ICF /LTCG:incremental /TLBID:1 /DYNAMICBASE /NXCOMPAT /IMPLIB:"\\ad.nfit.au.dk\NFDFS\Users\mick10\Desktop\th3is\AD9914\Release\AD9914.lib" /MACHINE:X86 /SAFESEH Release\AD9914.obj
         Release\AD9914UuT.obj
         Release\ADController.obj
         Release\FileInterpreter.obj
         Release\stdafx.obj
         Release\Utils.obj
         Generating code
         2 of 602 functions ( 0.3%) were compiled, the rest were copied from previous compilation.
           0 functions were new in current compilation
           5 functions had inline decision re-evaluated but remain unchanged
         Finished generating code
         AD9914.vcxproj -> \\ad.nfit.au.dk\NFDFS\Users\mick10\Desktop\th3is\AD9914\Release\AD9914.exe
     1>Done Building Project "\\ad.nfit.au.dk\NFDFS\Users\mick10\Desktop\th3is\AD9914\AD9914\AD9914.vcxproj" (Build target(s)).

Build succeeded.

Time Elapsed 00:00:05.46
